<?xml version="1.0" encoding="UTF-8"?>
<testng-results ignored="0" total="2" passed="2" failed="0" skipped="0">
  <reporter-output>
  </reporter-output>
  <suite started-at="2024-04-10T09:21:46 COT" name="Default suite" finished-at="2024-04-10T09:23:00 COT" duration-ms="74579">
    <groups>
    </groups>
    <test started-at="2024-04-10T09:21:46 COT" name="Default test" finished-at="2024-04-10T09:23:00 COT" duration-ms="74579">
      <class name="com.TestNG.RunPruebaNG">
        <test-method is-config="true" signature="beforeClass()[pri:0, instance:com.TestNG.RunPruebaNG@5b12b668]" started-at="2024-04-10T09:21:46 COT" name="beforeClass" finished-at="2024-04-10T09:21:48 COT" duration-ms="2467" status="PASS">
          <reporter-output>
          </reporter-output>
        </test-method> <!-- beforeClass -->
        <test-method signature="TestMercadoLibre(java.lang.String,java.lang.String)[pri:0, instance:com.TestNG.RunPruebaNG@5b12b668]" started-at="2024-04-10T09:21:50 COT" name="TestMercadoLibre" data-provider="excelDataMercadolibre" finished-at="2024-04-10T09:22:33 COT" duration-ms="43147" status="PASS">
          <params>
            <param index="0">
              <value>
                <![CDATA[geforce now]]>
              </value>
            </param>
            <param index="1">
              <value>
                <![CDATA[andres56396@]]>
              </value>
            </param>
          </params>
          <reporter-output>
          </reporter-output>
        </test-method> <!-- TestMercadoLibre -->
        <test-method signature="TestMercadoLibre(java.lang.String,java.lang.String)[pri:0, instance:com.TestNG.RunPruebaNG@5b12b668]" started-at="2024-04-10T09:22:33 COT" name="TestMercadoLibre" data-provider="excelDataMercadolibre" finished-at="2024-04-10T09:23:00 COT" duration-ms="27308" status="PASS">
          <params>
            <param index="0">
              <value>
                <![CDATA[calculadora]]>
              </value>
            </param>
            <param index="1">
              <value>
                <![CDATA[andres56396@]]>
              </value>
            </param>
          </params>
          <reporter-output>
          </reporter-output>
        </test-method> <!-- TestMercadoLibre -->
        <test-method is-config="true" signature="afterClass()[pri:0, instance:com.TestNG.RunPruebaNG@5b12b668]" started-at="2024-04-10T09:23:00 COT" name="afterClass" finished-at="2024-04-10T09:23:00 COT" duration-ms="358" status="PASS">
          <reporter-output>
          </reporter-output>
        </test-method> <!-- afterClass -->
      </class> <!-- com.TestNG.RunPruebaNG -->
    </test> <!-- Default test -->
  </suite> <!-- Default suite -->
</testng-results>
